<?xml version="1.0" encoding="UTF-8"?>
<testng-results skipped="0" failed="0" ignored="0" total="1" passed="1">
  <reporter-output>
  </reporter-output>
  <suite name="Default suite" duration-ms="92314" started-at="2018-05-04T13:07:18Z" finished-at="2018-05-04T13:08:51Z">
    <groups>
    </groups>
    <test name="Default test" duration-ms="92314" started-at="2018-05-04T13:07:18Z" finished-at="2018-05-04T13:08:51Z">
      <class name="Execute.Execution">
        <test-method status="PASS" signature="perform()[pri:0, instance:Execute.Execution@2b98378d]" name="perform" duration-ms="92278" started-at="2018-05-04T13:07:19Z" finished-at="2018-05-04T13:08:51Z">
          <reporter-output>
          </reporter-output>
        </test-method> <!-- perform -->
      </class> <!-- Execute.Execution -->
    </test> <!-- Default test -->
  </suite> <!-- Default suite -->
</testng-results>
